components/Analytics.tsx(4,10): error TS2305: Module '"../services/geminiService"' has no exported member 'generateMealPlan'.
components/Analytics.tsx(4,28): error TS2305: Module '"../services/geminiService"' has no exported member 'performComplexQuery'.
components/ErrorBoundary.tsx(27,14): error TS2339: Property 'setState' does not exist on type 'ErrorBoundary'.
components/ErrorBoundary.tsx(32,22): error TS2339: Property 'props' does not exist on type 'ErrorBoundary'.
components/ErrorBoundary.tsx(33,29): error TS2339: Property 'props' does not exist on type 'ErrorBoundary'.
components/ErrorBoundary.tsx(77,21): error TS2339: Property 'props' does not exist on type 'ErrorBoundary'.
